0 info it worked if it ends with ok
1 verbose cli [ '/usr/bin/nodejs', '/usr/bin/npm', 'install' ]
2 info using npm@1.4.21
3 info using node@v4.8.2
4 verbose readDependencies using package.json deps
5 verbose install where, deps [ '/home/pi/Desktop/electron-quick-start-master',
5 verbose install   [ 'electron' ] ]
6 info preinstall electron-quick-start@1.0.0
7 verbose readDependencies using package.json deps
8 verbose cache add [ 'electron@^1.8.4', null ]
9 verbose cache add name=undefined spec="electron@^1.8.4" args=["electron@^1.8.4",null]
10 verbose parsed url Url {
10 verbose parsed url   protocol: null,
10 verbose parsed url   slashes: null,
10 verbose parsed url   auth: null,
10 verbose parsed url   host: null,
10 verbose parsed url   port: null,
10 verbose parsed url   hostname: null,
10 verbose parsed url   hash: null,
10 verbose parsed url   search: null,
10 verbose parsed url   query: null,
10 verbose parsed url   pathname: 'electron@%5E1.8.4',
10 verbose parsed url   path: 'electron@%5E1.8.4',
10 verbose parsed url   href: 'electron@%5E1.8.4' }
11 verbose cache add name="electron" spec="^1.8.4" args=["electron","^1.8.4"]
12 verbose parsed url Url {
12 verbose parsed url   protocol: null,
12 verbose parsed url   slashes: null,
12 verbose parsed url   auth: null,
12 verbose parsed url   host: null,
12 verbose parsed url   port: null,
12 verbose parsed url   hostname: null,
12 verbose parsed url   hash: null,
12 verbose parsed url   search: null,
12 verbose parsed url   query: null,
12 verbose parsed url   pathname: '%5E1.8.4',
12 verbose parsed url   path: '%5E1.8.4',
12 verbose parsed url   href: '%5E1.8.4' }
13 verbose addNamed [ 'electron', '^1.8.4' ]
14 verbose addNamed [ null, '>=1.8.4 <2.0.0' ]
15 silly lockFile 1f09a51c-electron-1-8-4 electron@^1.8.4
16 verbose lock electron@^1.8.4 /home/pi/.npm/1f09a51c-electron-1-8-4.lock
17 silly addNameRange { name: 'electron', range: '>=1.8.4 <2.0.0', hasData: false }
18 verbose request where is /electron
19 verbose request registry https://registry.npmjs.org/
20 verbose request id abc2ebb2adf89868
21 verbose url raw /electron
22 verbose url resolving [ 'https://registry.npmjs.org/', './electron' ]
23 verbose url resolved https://registry.npmjs.org/electron
24 verbose request where is https://registry.npmjs.org/electron
25 info trying registry request attempt 1 at 17:02:26
26 http GET https://registry.npmjs.org/electron
27 http 200 https://registry.npmjs.org/electron
28 silly registry.get cb [ 200,
28 silly registry.get   { 'content-type': 'application/json; charset=UTF-8',
28 silly registry.get     server: 'UploadServer',
28 silly registry.get     'cache-control': 'max-age=300',
28 silly registry.get     'last-modified': 'Tue, 20 Mar 2018 21:10:20 GMT',
28 silly registry.get     etag: '"5ab178bc-2c515"',
28 silly registry.get     'x-npm-region': 'EU-Central',
28 silly registry.get     'content-encoding': 'gzip',
28 silly registry.get     'content-length': '15422',
28 silly registry.get     'accept-ranges': 'bytes',
28 silly registry.get     date: 'Sun, 25 Mar 2018 17:02:27 GMT',
28 silly registry.get     via: '1.1 varnish',
28 silly registry.get     age: '3536',
28 silly registry.get     connection: 'close',
28 silly registry.get     'x-served-by': 'cache-ams4434-AMS',
28 silly registry.get     'x-cache': 'HIT',
28 silly registry.get     'x-cache-hits': '1',
28 silly registry.get     'x-timer': 'S1521997348.611089,VS0,VE1',
28 silly registry.get     vary: 'Accept-Encoding, Accept' } ]
29 silly addNameRange number 2 { name: 'electron', range: '>=1.8.4 <2.0.0', hasData: true }
30 silly addNameRange versions [ 'electron',
30 silly addNameRange   [ '0.1.0',
30 silly addNameRange     '0.1.1',
30 silly addNameRange     '0.1.2',
30 silly addNameRange     '0.2.0',
30 silly addNameRange     '0.2.1',
30 silly addNameRange     '0.3.0',
30 silly addNameRange     '0.4.0',
30 silly addNameRange     '0.4.1',
30 silly addNameRange     '1.3.1',
30 silly addNameRange     '1.3.2',
30 silly addNameRange     '1.3.3',
30 silly addNameRange     '1.3.4',
30 silly addNameRange     '1.3.5',
30 silly addNameRange     '1.3.6',
30 silly addNameRange     '1.4.0',
30 silly addNameRange     '1.4.1',
30 silly addNameRange     '1.3.7',
30 silly addNameRange     '1.4.2',
30 silly addNameRange     '1.4.3',
30 silly addNameRange     '1.4.4',
30 silly addNameRange     '1.3.8',
30 silly addNameRange     '1.4.5',
30 silly addNameRange     '1.4.6',
30 silly addNameRange     '1.4.7',
30 silly addNameRange     '1.3.9',
30 silly addNameRange     '1.3.10',
30 silly addNameRange     '1.4.8',
30 silly addNameRange     '1.3.12',
30 silly addNameRange     '1.4.10',
30 silly addNameRange     '1.3.13',
30 silly addNameRange     '1.4.11',
30 silly addNameRange     '1.4.12',
30 silly addNameRange     '1.4.13',
30 silly addNameRange     '1.4.14',
30 silly addNameRange     '1.4.15',
30 silly addNameRange     '1.5.0',
30 silly addNameRange     '1.5.1',
30 silly addNameRange     '1.6.0',
30 silly addNameRange     '1.6.1',
30 silly addNameRange     '1.6.2',
30 silly addNameRange     '1.6.3',
30 silly addNameRange     '1.3.14',
30 silly addNameRange     '1.6.4',
30 silly addNameRange     '1.6.5',
30 silly addNameRange     '1.4.16',
30 silly addNameRange     '1.6.6',
30 silly addNameRange     '1.6.7',
30 silly addNameRange     '1.3.15',
30 silly addNameRange     '1.6.8',
30 silly addNameRange     '1.6.9',
30 silly addNameRange     '1.7.0',
30 silly addNameRange     '1.6.10',
30 silly addNameRange     '1.7.1',
30 silly addNameRange     '1.6.11',
30 silly addNameRange     '1.7.2',
30 silly addNameRange     '1.7.3',
30 silly addNameRange     '1.7.4',
30 silly addNameRange     '1.7.5',
30 silly addNameRange     '1.6.12',
30 silly addNameRange     '1.7.6',
30 silly addNameRange     '1.7.7',
30 silly addNameRange     '1.6.13',
30 silly addNameRange     '1.7.8',
30 silly addNameRange     '1.6.14',
30 silly addNameRange     '1.8.1',
30 silly addNameRange     '1.7.9',
30 silly addNameRange     '1.6.15',
30 silly addNameRange     '1.8.2-beta.1',
30 silly addNameRange     '1.8.2-beta.2',
30 silly addNameRange     '1.8.2-beta.3',
30 silly addNameRange     '1.7.10',
30 silly addNameRange     '1.7.11',
30 silly addNameRange     '1.6.16',
30 silly addNameRange     '1.8.2-beta.4',
30 silly addNameRange     '1.8.2-beta.5',
30 silly addNameRange     '1.7.12',
30 silly addNameRange     '1.6.17',
30 silly addNameRange     '1.8.2',
30 silly addNameRange     '2.0.0-beta.1',
30 silly addNameRange     '2.0.0-beta.2',
30 silly addNameRange     '1.8.3',
30 silly addNameRange     '2.0.0-beta.3',
30 silly addNameRange     '1.7.13',
30 silly addNameRange     '2.0.0-beta.4',
30 silly addNameRange     '1.8.4',
30 silly addNameRange     '2.0.0-beta.5' ] ]
31 verbose addNamed [ 'electron', '1.8.4' ]
32 verbose addNamed [ '1.8.4', '1.8.4' ]
33 silly lockFile 6139228c-electron-1-8-4 electron@1.8.4
34 verbose lock electron@1.8.4 /home/pi/.npm/6139228c-electron-1-8-4.lock
35 silly lockFile 6d082630--org-electron-electron-1-8-4-tgz https://registry.npmjs.org/electron/-/electron-1.8.4.tgz
36 verbose lock https://registry.npmjs.org/electron/-/electron-1.8.4.tgz /home/pi/.npm/6d082630--org-electron-electron-1-8-4-tgz.lock
37 verbose addRemoteTarball [ 'https://registry.npmjs.org/electron/-/electron-1.8.4.tgz',
37 verbose addRemoteTarball   'cca8d0e6889f238f55b414ad224f03e03b226a38' ]
38 info retry fetch attempt 1 at 17:02:27
39 verbose fetch to= /tmp/npm-4304-oyOCKWQK/registry.npmjs.org/electron/-/electron-1.8.4.tgz
40 http GET https://registry.npmjs.org/electron/-/electron-1.8.4.tgz
41 http 200 https://registry.npmjs.org/electron/-/electron-1.8.4.tgz
42 silly lockFile 6d082630--org-electron-electron-1-8-4-tgz https://registry.npmjs.org/electron/-/electron-1.8.4.tgz
43 silly lockFile 6d082630--org-electron-electron-1-8-4-tgz https://registry.npmjs.org/electron/-/electron-1.8.4.tgz
44 silly lockFile 6139228c-electron-1-8-4 electron@1.8.4
45 silly lockFile 6139228c-electron-1-8-4 electron@1.8.4
46 silly lockFile 1f09a51c-electron-1-8-4 electron@^1.8.4
47 silly lockFile 1f09a51c-electron-1-8-4 electron@^1.8.4
48 silly resolved [ { scripts:
48 silly resolved      { 'cache-clean': 'rm -rf ~/.electron && rm -rf dist',
48 silly resolved        postinstall: 'node install.js',
48 silly resolved        pretest: 'npm run cache-clean',
48 silly resolved        test: 'standard' },
48 silly resolved     bin: { electron: 'cli.js' },
48 silly resolved     main: 'index.js',
48 silly resolved     types: 'electron.d.ts',
48 silly resolved     dependencies:
48 silly resolved      { '@types/node': '^8.0.24',
48 silly resolved        'electron-download': '^3.0.1',
48 silly resolved        'extract-zip': '^1.0.3' },
48 silly resolved     devDependencies:
48 silly resolved      { 'home-path': '^0.1.1',
48 silly resolved        'path-exists': '^2.0.0',
48 silly resolved        standard: '^5.4.1' },
48 silly resolved     directories: { test: 'test' },
48 silly resolved     name: 'electron',
48 silly resolved     version: '1.8.4',
48 silly resolved     repository:
48 silly resolved      { type: 'git',
48 silly resolved        url: 'git+https://github.com/electron/electron.git' },
48 silly resolved     description: 'Build cross platform desktop apps with JavaScript, HTML, and CSS',
48 silly resolved     license: 'MIT',
48 silly resolved     author: { name: 'Electron Community' },
48 silly resolved     keywords: [ 'electron' ],
48 silly resolved     bugs: { url: 'https://github.com/electron/electron/issues' },
48 silly resolved     homepage: 'https://github.com/electron/electron#readme',
48 silly resolved     _id: 'electron@1.8.4',
48 silly resolved     _npmVersion: '5.6.0',
48 silly resolved     _nodeVersion: '8.10.0',
48 silly resolved     _npmUser: { name: 'electron', email: 'electron@github.com' },
48 silly resolved     dist:
48 silly resolved      { integrity: 'sha512-2f1cx0G3riMFODXFftF5AHXy+oHfhpntZHTDN66Hxtl09gmEr42B3piNEod9MEmw72f75LX2JfeYceqq1PF8cA==',
48 silly resolved        shasum: 'cca8d0e6889f238f55b414ad224f03e03b226a38',
48 silly resolved        tarball: 'https://registry.npmjs.org/electron/-/electron-1.8.4.tgz',
48 silly resolved        fileCount: 7,
48 silly resolved        unpackedSize: 364666 },
48 silly resolved     maintainers: [ [Object], [Object] ],
48 silly resolved     _npmOperationalInternal:
48 silly resolved      { host: 's3://npm-registry-packages',
48 silly resolved        tmp: 'tmp/electron_1.8.4_1521226163738_0.4069115087733175' },
48 silly resolved     _shasum: 'cca8d0e6889f238f55b414ad224f03e03b226a38',
48 silly resolved     _from: 'electron@^1.8.4',
48 silly resolved     _resolved: 'https://registry.npmjs.org/electron/-/electron-1.8.4.tgz' } ]
49 info install electron@1.8.4 into /home/pi/Desktop/electron-quick-start-master
50 info installOne electron@1.8.4
51 verbose node_modules/electron unbuild
52 verbose tar unpack /home/pi/.npm/electron/1.8.4/package.tgz
53 silly lockFile a85a0bcc-art-master-node-modules-electron tar:///home/pi/Desktop/electron-quick-start-master/node_modules/electron
54 verbose lock tar:///home/pi/Desktop/electron-quick-start-master/node_modules/electron /home/pi/.npm/a85a0bcc-art-master-node-modules-electron.lock
55 silly lockFile f9978460-i-npm-electron-1-8-4-package-tgz tar:///home/pi/.npm/electron/1.8.4/package.tgz
56 verbose lock tar:///home/pi/.npm/electron/1.8.4/package.tgz /home/pi/.npm/f9978460-i-npm-electron-1-8-4-package-tgz.lock
57 silly gunzTarPerm modes [ '755', '644' ]
58 silly gunzTarPerm extractEntry package.json
59 silly gunzTarPerm extractEntry cli.js
60 silly gunzTarPerm extractEntry electron.d.ts
61 silly gunzTarPerm extractEntry index.js
62 silly gunzTarPerm extractEntry install.js
63 silly gunzTarPerm extractEntry LICENSE
64 silly gunzTarPerm extractEntry README.md
65 silly lockFile a85a0bcc-art-master-node-modules-electron tar:///home/pi/Desktop/electron-quick-start-master/node_modules/electron
66 silly lockFile a85a0bcc-art-master-node-modules-electron tar:///home/pi/Desktop/electron-quick-start-master/node_modules/electron
67 silly lockFile f9978460-i-npm-electron-1-8-4-package-tgz tar:///home/pi/.npm/electron/1.8.4/package.tgz
68 silly lockFile f9978460-i-npm-electron-1-8-4-package-tgz tar:///home/pi/.npm/electron/1.8.4/package.tgz
69 info preinstall electron@1.8.4
70 verbose readDependencies using package.json deps
71 verbose readDependencies using package.json deps
72 verbose cache add [ '@types/node@^8.0.24', null ]
73 verbose cache add name=undefined spec="@types/node@^8.0.24" args=["@types/node@^8.0.24",null]
74 verbose parsed url Url {
74 verbose parsed url   protocol: null,
74 verbose parsed url   slashes: null,
74 verbose parsed url   auth: null,
74 verbose parsed url   host: null,
74 verbose parsed url   port: null,
74 verbose parsed url   hostname: null,
74 verbose parsed url   hash: null,
74 verbose parsed url   search: null,
74 verbose parsed url   query: null,
74 verbose parsed url   pathname: '@types/node@%5E8.0.24',
74 verbose parsed url   path: '@types/node@%5E8.0.24',
74 verbose parsed url   href: '@types/node@%5E8.0.24' }
75 verbose cache add [ 'electron-download@^3.0.1', null ]
76 verbose cache add name=undefined spec="electron-download@^3.0.1" args=["electron-download@^3.0.1",null]
77 verbose parsed url Url {
77 verbose parsed url   protocol: null,
77 verbose parsed url   slashes: null,
77 verbose parsed url   auth: null,
77 verbose parsed url   host: null,
77 verbose parsed url   port: null,
77 verbose parsed url   hostname: null,
77 verbose parsed url   hash: null,
77 verbose parsed url   search: null,
77 verbose parsed url   query: null,
77 verbose parsed url   pathname: 'electron-download@%5E3.0.1',
77 verbose parsed url   path: 'electron-download@%5E3.0.1',
77 verbose parsed url   href: 'electron-download@%5E3.0.1' }
78 verbose cache add [ 'extract-zip@^1.0.3', null ]
79 verbose cache add name=undefined spec="extract-zip@^1.0.3" args=["extract-zip@^1.0.3",null]
80 verbose parsed url Url {
80 verbose parsed url   protocol: null,
80 verbose parsed url   slashes: null,
80 verbose parsed url   auth: null,
80 verbose parsed url   host: null,
80 verbose parsed url   port: null,
80 verbose parsed url   hostname: null,
80 verbose parsed url   hash: null,
80 verbose parsed url   search: null,
80 verbose parsed url   query: null,
80 verbose parsed url   pathname: 'extract-zip@%5E1.0.3',
80 verbose parsed url   path: 'extract-zip@%5E1.0.3',
80 verbose parsed url   href: 'extract-zip@%5E1.0.3' }
81 verbose cache add name="" spec="types/node@^8.0.24" args=["","types/node@^8.0.24"]
82 verbose parsed url Url {
82 verbose parsed url   protocol: null,
82 verbose parsed url   slashes: null,
82 verbose parsed url   auth: null,
82 verbose parsed url   host: null,
82 verbose parsed url   port: null,
82 verbose parsed url   hostname: null,
82 verbose parsed url   hash: null,
82 verbose parsed url   search: null,
82 verbose parsed url   query: null,
82 verbose parsed url   pathname: 'types/node@%5E8.0.24',
82 verbose parsed url   path: 'types/node@%5E8.0.24',
82 verbose parsed url   href: 'types/node@%5E8.0.24' }
83 verbose cache add name="electron-download" spec="^3.0.1" args=["electron-download","^3.0.1"]
84 verbose parsed url Url {
84 verbose parsed url   protocol: null,
84 verbose parsed url   slashes: null,
84 verbose parsed url   auth: null,
84 verbose parsed url   host: null,
84 verbose parsed url   port: null,
84 verbose parsed url   hostname: null,
84 verbose parsed url   hash: null,
84 verbose parsed url   search: null,
84 verbose parsed url   query: null,
84 verbose parsed url   pathname: '%5E3.0.1',
84 verbose parsed url   path: '%5E3.0.1',
84 verbose parsed url   href: '%5E3.0.1' }
85 verbose addNamed [ 'electron-download', '^3.0.1' ]
86 verbose addNamed [ null, '>=3.0.1 <4.0.0' ]
87 silly lockFile 8d1cab67-electron-download-3-0-1 electron-download@^3.0.1
88 verbose lock electron-download@^3.0.1 /home/pi/.npm/8d1cab67-electron-download-3-0-1.lock
89 verbose cache add name="extract-zip" spec="^1.0.3" args=["extract-zip","^1.0.3"]
90 verbose parsed url Url {
90 verbose parsed url   protocol: null,
90 verbose parsed url   slashes: null,
90 verbose parsed url   auth: null,
90 verbose parsed url   host: null,
90 verbose parsed url   port: null,
90 verbose parsed url   hostname: null,
90 verbose parsed url   hash: null,
90 verbose parsed url   search: null,
90 verbose parsed url   query: null,
90 verbose parsed url   pathname: '%5E1.0.3',
90 verbose parsed url   path: '%5E1.0.3',
90 verbose parsed url   href: '%5E1.0.3' }
91 verbose addNamed [ 'extract-zip', '^1.0.3' ]
92 verbose addNamed [ null, '>=1.0.3 <2.0.0' ]
93 silly lockFile 9879f4ae-extract-zip-1-0-3 extract-zip@^1.0.3
94 verbose lock extract-zip@^1.0.3 /home/pi/.npm/9879f4ae-extract-zip-1-0-3.lock
95 verbose cache add name="types/node" spec="^8.0.24" args=["types/node","^8.0.24"]
96 verbose parsed url Url {
96 verbose parsed url   protocol: null,
96 verbose parsed url   slashes: null,
96 verbose parsed url   auth: null,
96 verbose parsed url   host: null,
96 verbose parsed url   port: null,
96 verbose parsed url   hostname: null,
96 verbose parsed url   hash: null,
96 verbose parsed url   search: null,
96 verbose parsed url   query: null,
96 verbose parsed url   pathname: '%5E8.0.24',
96 verbose parsed url   path: '%5E8.0.24',
96 verbose parsed url   href: '%5E8.0.24' }
97 verbose addNamed [ 'types/node', '^8.0.24' ]
98 verbose addNamed [ null, '>=8.0.24 <9.0.0' ]
99 silly lockFile f348eb0d-types-node-8-0-24 types/node@^8.0.24
100 verbose lock types/node@^8.0.24 /home/pi/.npm/f348eb0d-types-node-8-0-24.lock
101 silly addNameRange { name: 'electron-download',
101 silly addNameRange   range: '>=3.0.1 <4.0.0',
101 silly addNameRange   hasData: false }
102 silly addNameRange { name: 'extract-zip', range: '>=1.0.3 <2.0.0', hasData: false }
103 silly addNameRange { name: 'types/node', range: '>=8.0.24 <9.0.0', hasData: false }
104 verbose request where is /electron-download
105 verbose request registry https://registry.npmjs.org/
106 verbose url raw /electron-download
107 verbose url resolving [ 'https://registry.npmjs.org/', './electron-download' ]
108 verbose url resolved https://registry.npmjs.org/electron-download
109 verbose request where is https://registry.npmjs.org/electron-download
110 info trying registry request attempt 1 at 17:02:28
111 http GET https://registry.npmjs.org/electron-download
112 verbose request where is /extract-zip
113 verbose request registry https://registry.npmjs.org/
114 verbose url raw /extract-zip
115 verbose url resolving [ 'https://registry.npmjs.org/', './extract-zip' ]
116 verbose url resolved https://registry.npmjs.org/extract-zip
117 verbose request where is https://registry.npmjs.org/extract-zip
118 info trying registry request attempt 1 at 17:02:28
119 http GET https://registry.npmjs.org/extract-zip
120 verbose request where is /types/node
121 verbose request registry https://registry.npmjs.org/
122 verbose url raw /types/node
123 verbose url resolving [ 'https://registry.npmjs.org/', './types/node' ]
124 verbose url resolved https://registry.npmjs.org/types/node
125 verbose request where is https://registry.npmjs.org/types/node
126 info trying registry request attempt 1 at 17:02:28
127 http GET https://registry.npmjs.org/types/node
128 http 200 https://registry.npmjs.org/electron-download
129 silly registry.get cb [ 200,
129 silly registry.get   { 'content-type': 'application/json; charset=UTF-8',
129 silly registry.get     server: 'UploadServer',
129 silly registry.get     'cache-control': 'max-age=300',
129 silly registry.get     'last-modified': 'Tue, 27 Feb 2018 23:12:56 GMT',
129 silly registry.get     etag: '"5a95e5f8-c0fb"',
129 silly registry.get     'x-npm-region': 'EU-Central',
129 silly registry.get     'content-encoding': 'gzip',
129 silly registry.get     'content-length': '6301',
129 silly registry.get     'accept-ranges': 'bytes',
129 silly registry.get     date: 'Sun, 25 Mar 2018 17:02:28 GMT',
129 silly registry.get     via: '1.1 varnish',
129 silly registry.get     age: '3370',
129 silly registry.get     connection: 'close',
129 silly registry.get     'x-served-by': 'cache-ams4433-AMS',
129 silly registry.get     'x-cache': 'HIT',
129 silly registry.get     'x-cache-hits': '1',
129 silly registry.get     'x-timer': 'S1521997349.980273,VS0,VE0',
129 silly registry.get     vary: 'Accept-Encoding, Accept' } ]
130 http 200 https://registry.npmjs.org/extract-zip
131 silly registry.get cb [ 200,
131 silly registry.get   { 'content-type': 'application/json; charset=UTF-8',
131 silly registry.get     server: 'UploadServer',
131 silly registry.get     'cache-control': 'max-age=300',
131 silly registry.get     'last-modified': 'Mon, 19 Mar 2018 7:08:08 GMT',
131 silly registry.get     etag: '"5aaf61d8-6948"',
131 silly registry.get     'x-npm-region': 'EU-Central',
131 silly registry.get     'content-encoding': 'gzip',
131 silly registry.get     'content-length': '3782',
131 silly registry.get     'accept-ranges': 'bytes',
131 silly registry.get     date: 'Sun, 25 Mar 2018 17:02:28 GMT',
131 silly registry.get     via: '1.1 varnish',
131 silly registry.get     age: '3355',
131 silly registry.get     connection: 'close',
131 silly registry.get     'x-served-by': 'cache-ams4146-AMS',
131 silly registry.get     'x-cache': 'HIT',
131 silly registry.get     'x-cache-hits': '2',
131 silly registry.get     'x-timer': 'S1521997349.998295,VS0,VE0',
131 silly registry.get     vary: 'Accept-Encoding, Accept' } ]
132 silly addNameRange number 2 { name: 'electron-download',
132 silly addNameRange   range: '>=3.0.1 <4.0.0',
132 silly addNameRange   hasData: true }
133 silly addNameRange versions [ 'electron-download',
133 silly addNameRange   [ '1.0.0',
133 silly addNameRange     '1.0.1',
133 silly addNameRange     '1.0.2',
133 silly addNameRange     '1.0.3',
133 silly addNameRange     '1.0.4',
133 silly addNameRange     '1.0.5',
133 silly addNameRange     '1.0.6',
133 silly addNameRange     '1.0.7',
133 silly addNameRange     '1.0.8',
133 silly addNameRange     '1.1.0',
133 silly addNameRange     '1.2.0',
133 silly addNameRange     '1.3.0',
133 silly addNameRange     '1.4.0',
133 silly addNameRange     '1.4.1',
133 silly addNameRange     '2.0.0',
133 silly addNameRange     '2.1.0',
133 silly addNameRange     '2.1.1',
133 silly addNameRange     '2.1.2',
133 silly addNameRange     '2.2.0',
133 silly addNameRange     '2.2.1',
133 silly addNameRange     '3.0.0',
133 silly addNameRange     '3.0.1',
133 silly addNameRange     '3.0.2',
133 silly addNameRange     '3.1.0',
133 silly addNameRange     '3.2.0',
133 silly addNameRange     '3.3.0',
133 silly addNameRange     '4.0.0',
133 silly addNameRange     '4.1.0' ] ]
134 verbose addNamed [ 'electron-download', '3.3.0' ]
135 verbose addNamed [ '3.3.0', '3.3.0' ]
136 silly lockFile 176a5c80-electron-download-3-3-0 electron-download@3.3.0
137 verbose lock electron-download@3.3.0 /home/pi/.npm/176a5c80-electron-download-3-3-0.lock
138 silly lockFile cbafc6af-load-electron-download-3-3-0-tgz https://registry.npmjs.org/electron-download/-/electron-download-3.3.0.tgz
139 verbose lock https://registry.npmjs.org/electron-download/-/electron-download-3.3.0.tgz /home/pi/.npm/cbafc6af-load-electron-download-3-3-0-tgz.lock
140 silly addNameRange number 2 { name: 'extract-zip', range: '>=1.0.3 <2.0.0', hasData: true }
141 silly addNameRange versions [ 'extract-zip',
141 silly addNameRange   [ '1.0.0',
141 silly addNameRange     '1.0.1',
141 silly addNameRange     '1.0.2',
141 silly addNameRange     '1.0.3',
141 silly addNameRange     '1.1.0',
141 silly addNameRange     '1.1.1',
141 silly addNameRange     '1.1.2',
141 silly addNameRange     '1.2.0',
141 silly addNameRange     '1.3.0',
141 silly addNameRange     '1.4.0',
141 silly addNameRange     '1.4.1',
141 silly addNameRange     '1.5.0',
141 silly addNameRange     '1.6.0',
141 silly addNameRange     '1.6.1',
141 silly addNameRange     '1.6.2',
141 silly addNameRange     '1.6.3',
141 silly addNameRange     '1.6.4',
141 silly addNameRange     '1.6.5',
141 silly addNameRange     '1.6.6' ] ]
142 verbose addNamed [ 'extract-zip', '1.6.6' ]
143 verbose addNamed [ '1.6.6', '1.6.6' ]
144 silly lockFile 93baf6d1-extract-zip-1-6-6 extract-zip@1.6.6
145 verbose lock extract-zip@1.6.6 /home/pi/.npm/93baf6d1-extract-zip-1-6-6.lock
146 verbose addRemoteTarball [ 'https://registry.npmjs.org/electron-download/-/electron-download-3.3.0.tgz',
146 verbose addRemoteTarball   '2cfd54d6966c019c4d49ad65fbe65cc9cdef68c8' ]
147 silly lockFile 4d1fa3ea-xtract-zip-extract-zip-1-6-6-tgz https://registry.npmjs.org/extract-zip/-/extract-zip-1.6.6.tgz
148 verbose lock https://registry.npmjs.org/extract-zip/-/extract-zip-1.6.6.tgz /home/pi/.npm/4d1fa3ea-xtract-zip-extract-zip-1-6-6-tgz.lock
149 info retry fetch attempt 1 at 17:02:29
150 verbose fetch to= /tmp/npm-4304-oyOCKWQK/registry.npmjs.org/electron-download/-/electron-download-3.3.0.tgz
151 verbose addRemoteTarball [ 'https://registry.npmjs.org/extract-zip/-/extract-zip-1.6.6.tgz',
151 verbose addRemoteTarball   '1290ede8d20d0872b429fd3f351ca128ec5ef85c' ]
152 http GET https://registry.npmjs.org/electron-download/-/electron-download-3.3.0.tgz
153 info retry fetch attempt 1 at 17:02:29
154 verbose fetch to= /tmp/npm-4304-oyOCKWQK/registry.npmjs.org/extract-zip/-/extract-zip-1.6.6.tgz
155 http GET https://registry.npmjs.org/extract-zip/-/extract-zip-1.6.6.tgz
156 http 200 https://registry.npmjs.org/electron-download/-/electron-download-3.3.0.tgz
157 http 200 https://registry.npmjs.org/extract-zip/-/extract-zip-1.6.6.tgz
158 silly lockFile cbafc6af-load-electron-download-3-3-0-tgz https://registry.npmjs.org/electron-download/-/electron-download-3.3.0.tgz
159 silly lockFile cbafc6af-load-electron-download-3-3-0-tgz https://registry.npmjs.org/electron-download/-/electron-download-3.3.0.tgz
160 silly lockFile 176a5c80-electron-download-3-3-0 electron-download@3.3.0
161 silly lockFile 176a5c80-electron-download-3-3-0 electron-download@3.3.0
162 silly lockFile 8d1cab67-electron-download-3-0-1 electron-download@^3.0.1
163 silly lockFile 8d1cab67-electron-download-3-0-1 electron-download@^3.0.1
164 silly lockFile 4d1fa3ea-xtract-zip-extract-zip-1-6-6-tgz https://registry.npmjs.org/extract-zip/-/extract-zip-1.6.6.tgz
165 silly lockFile 4d1fa3ea-xtract-zip-extract-zip-1-6-6-tgz https://registry.npmjs.org/extract-zip/-/extract-zip-1.6.6.tgz
166 silly lockFile 93baf6d1-extract-zip-1-6-6 extract-zip@1.6.6
167 silly lockFile 93baf6d1-extract-zip-1-6-6 extract-zip@1.6.6
168 silly lockFile 9879f4ae-extract-zip-1-0-3 extract-zip@^1.0.3
169 silly lockFile 9879f4ae-extract-zip-1-0-3 extract-zip@^1.0.3
170 http 404 https://registry.npmjs.org/types/node
171 silly registry.get cb [ 404,
171 silly registry.get   { 'content-type': 'application/json',
171 silly registry.get     'cache-control': 'max-age=0',
171 silly registry.get     'content-length': '2',
171 silly registry.get     'accept-ranges': 'bytes',
171 silly registry.get     date: 'Sun, 25 Mar 2018 17:02:29 GMT',
171 silly registry.get     via: '1.1 varnish',
171 silly registry.get     age: '0',
171 silly registry.get     connection: 'close',
171 silly registry.get     'x-served-by': 'cache-ams4451-AMS',
171 silly registry.get     'x-cache': 'MISS',
171 silly registry.get     'x-cache-hits': '0',
171 silly registry.get     'x-timer': 'S1521997349.998420,VS0,VE708',
171 silly registry.get     vary: 'Accept-Encoding' } ]
172 silly lockFile f348eb0d-types-node-8-0-24 types/node@^8.0.24
173 silly lockFile f348eb0d-types-node-8-0-24 types/node@^8.0.24
174 verbose about to build /home/pi/Desktop/electron-quick-start-master/node_modules/electron
175 verbose node_modules/electron unbuild
176 info preuninstall electron@1.8.4
177 info uninstall electron@1.8.4
178 verbose true,/home/pi/Desktop/electron-quick-start-master/node_modules,/home/pi/Desktop/electron-quick-start-master/node_modules unbuild electron@1.8.4
179 verbose /home/pi/Desktop/electron-quick-start-master/node_modules/.bin,[object Object] binRoot
180 info postuninstall electron@1.8.4
181 error 404 Not Found
181 error 404
181 error 404 'types/node' is not in the npm registry.
181 error 404 You should bug the author to publish it
181 error 404 It was specified as a dependency of 'electron'
181 error 404
181 error 404 Note that you can also install from a
181 error 404 tarball, folder, or http url, or git url.
182 error System Linux 4.9.80-v7+
183 error command "/usr/bin/nodejs" "/usr/bin/npm" "install"
184 error cwd /home/pi/Desktop/electron-quick-start-master
185 error node -v v4.8.2
186 error npm -v 1.4.21
187 error code E404
188 verbose exit [ 1, true ]
